c:\users\gleb\desktop\computer graphics\template\opengltemplate\debug\vc141.pdb
c:\users\gleb\desktop\computer graphics\template\opengltemplate\debug\vc141.idb
c:\users\gleb\desktop\computer graphics\template\opengltemplate\debug\catmullrom.obj
c:\users\gleb\desktop\computer graphics\template\opengltemplate\debug\cube.obj
c:\users\gleb\desktop\computer graphics\template\opengltemplate\debug\cubemap.obj
c:\users\gleb\desktop\computer graphics\template\opengltemplate\debug\fog.obj
c:\users\gleb\desktop\computer graphics\template\opengltemplate\debug\framebufferobject.obj
c:\users\gleb\desktop\computer graphics\template\opengltemplate\debug\freetypefont.obj
c:\users\gleb\desktop\computer graphics\template\opengltemplate\debug\game.obj
c:\users\gleb\desktop\computer graphics\template\opengltemplate\debug\gamewindow.obj
c:\users\gleb\desktop\computer graphics\template\opengltemplate\debug\highresolutiontimer.obj
c:\users\gleb\desktop\computer graphics\template\opengltemplate\debug\dummy.obj
c:\users\gleb\desktop\computer graphics\template\opengltemplate\debug\matrixstack.obj
c:\users\gleb\desktop\computer graphics\template\opengltemplate\debug\openassetimportmesh.obj
c:\users\gleb\desktop\computer graphics\template\opengltemplate\debug\plane.obj
c:\users\gleb\desktop\computer graphics\template\opengltemplate\debug\shaders.obj
c:\users\gleb\desktop\computer graphics\template\opengltemplate\debug\skybox.obj
c:\users\gleb\desktop\computer graphics\template\opengltemplate\debug\sphere.obj
c:\users\gleb\desktop\computer graphics\template\opengltemplate\debug\tetrahedron.obj
c:\users\gleb\desktop\computer graphics\template\opengltemplate\debug\texture.obj
c:\users\gleb\desktop\computer graphics\template\opengltemplate\debug\vertexbufferobject.obj
c:\users\gleb\desktop\computer graphics\template\opengltemplate\debug\vertexbufferobjectindexed.obj
c:\users\gleb\desktop\computer graphics\template\opengltemplate\debug\audio.obj
c:\users\gleb\desktop\computer graphics\template\opengltemplate\debug\camera.obj
c:\users\gleb\desktop\computer graphics\template\debug\opengltemplate.exe
c:\users\gleb\desktop\computer graphics\template\debug\opengltemplate.pdb
c:\users\gleb\desktop\in3005graphics\source\opengltemplate\debug\audio.obj
c:\users\gleb\desktop\in3005graphics\source\opengltemplate\debug\camera.obj
c:\users\gleb\desktop\in3005graphics\source\opengltemplate\debug\catmullrom.obj
c:\users\gleb\desktop\in3005graphics\source\opengltemplate\debug\cube.obj
c:\users\gleb\desktop\in3005graphics\source\opengltemplate\debug\cubemap.obj
c:\users\gleb\desktop\in3005graphics\source\opengltemplate\debug\dummy.obj
c:\users\gleb\desktop\in3005graphics\source\opengltemplate\debug\fog.obj
c:\users\gleb\desktop\in3005graphics\source\opengltemplate\debug\framebufferobject.obj
c:\users\gleb\desktop\in3005graphics\source\opengltemplate\debug\freetypefont.obj
c:\users\gleb\desktop\in3005graphics\source\opengltemplate\debug\game.obj
c:\users\gleb\desktop\in3005graphics\source\opengltemplate\debug\gamewindow.obj
c:\users\gleb\desktop\in3005graphics\source\opengltemplate\debug\highresolutiontimer.obj
c:\users\gleb\desktop\in3005graphics\source\opengltemplate\debug\matrixstack.obj
c:\users\gleb\desktop\in3005graphics\source\opengltemplate\debug\openassetimportmesh.obj
c:\users\gleb\desktop\in3005graphics\source\opengltemplate\debug\plane.obj
c:\users\gleb\desktop\in3005graphics\source\opengltemplate\debug\shaders.obj
c:\users\gleb\desktop\in3005graphics\source\opengltemplate\debug\skybox.obj
c:\users\gleb\desktop\in3005graphics\source\opengltemplate\debug\sphere.obj
c:\users\gleb\desktop\in3005graphics\source\opengltemplate\debug\tetrahedron.obj
c:\users\gleb\desktop\in3005graphics\source\opengltemplate\debug\texture.obj
c:\users\gleb\desktop\in3005graphics\source\opengltemplate\debug\vertexbufferobject.obj
c:\users\gleb\desktop\in3005graphics\source\opengltemplate\debug\vertexbufferobjectindexed.obj
c:\users\gleb\desktop\in3005graphics\source\opengltemplate\debug\vc141.idb
c:\users\gleb\desktop\in3005graphics\source\opengltemplate\debug\vc141.pdb
c:\users\gleb\desktop\in3005graphics\source\debug\opengltemplate.pdb
c:\users\gleb\desktop\in3005graphics\source\debug\opengltemplate.exe
c:\users\gleb\desktop\in3005graphics\source\opengltemplate\debug\opengltemplate.tlog\cl.command.1.tlog
c:\users\gleb\desktop\in3005graphics\source\opengltemplate\debug\opengltemplate.tlog\cl.read.1.tlog
c:\users\gleb\desktop\in3005graphics\source\opengltemplate\debug\opengltemplate.tlog\cl.write.1.tlog
c:\users\gleb\desktop\in3005graphics\source\opengltemplate\debug\opengltemplate.tlog\link.command.1.tlog
c:\users\gleb\desktop\in3005graphics\source\opengltemplate\debug\opengltemplate.tlog\link.read.1.tlog
c:\users\gleb\desktop\in3005graphics\source\opengltemplate\debug\opengltemplate.tlog\link.write.1.tlog
